

Microchip Technology PIC LITE Macro Assembler V1.41 build -162212810 
                                                                                               Sat Mar 11 16:53:58 2017

Microchip Technology Omniscient Code Generator v1.41 (Free mode) build 201701250102
     1                           	processor	16F1455
     2                           	opt	pw 120
     3                           	opt	lm
     4                           	psect	cinit,global,class=CODE,merge=1,delta=2
     5                           	psect	cstackCOMMON,global,class=COMMON,space=1,delta=1
     6                           	psect	maintext,global,class=CODE,merge=1,split=1,delta=2
     7                           	psect	text1,local,class=CODE,merge=1,delta=2
     8                           	psect	text2,local,class=CODE,merge=1,delta=2
     9                           	psect	text3,local,class=CODE,merge=1,delta=2
    10                           	psect	text4,local,class=CODE,merge=1,delta=2
    11                           	psect	text5,local,class=CODE,merge=1,delta=2
    12                           	psect	intentry,global,class=CODE,delta=2
    13                           	psect	text7,local,class=CODE,merge=1,delta=2
    14                           	dabs	1,0x7E,2
    15  0000                     
    16                           ; Version 1.41
    17                           ; Generated 25/01/2017 GMT
    18                           ; 
    19                           ; Copyright © 2017, Microchip Technology Inc. and its subsidiaries ("Microchip")
    20                           ; All rights reserved.
    21                           ; 
    22                           ; This software is developed by Microchip Technology Inc. and its subsidiaries ("Microch
      +                          ip").
    23                           ; 
    24                           ; Redistribution and use in source and binary forms, with or without modification, are
    25                           ; permitted provided that the following conditions are met:
    26                           ; 
    27                           ;     1. Redistributions of source code must retain the above copyright notice, this lis
      +                          t of
    28                           ;        conditions and the following disclaimer.
    29                           ; 
    30                           ;     2. Redistributions in binary form must reproduce the above copyright notice, this 
      +                          list
    31                           ;        of conditions and the following disclaimer in the documentation and/or other
    32                           ;        materials provided with the distribution.
    33                           ; 
    34                           ;     3. Microchip's name may not be used to endorse or promote products derived from th
      +                          is
    35                           ;        software without specific prior written permission.
    36                           ; 
    37                           ; THIS SOFTWARE IS PROVIDED BY MICROCHIP "AS IS" AND ANY EXPRESS OR IMPLIED WARRANTIES,
    38                           ; INCLUDING, BUT NOT LIMITED TO, THE IMPLIED WARRANTIES OF MERCHANTABILITY AND FITNESS F
      +                          OR
    39                           ; PURPOSE ARE DISCLAIMED.  IN NO EVENT SHALL MICROCHIP BE LIABLE FOR ANY DIRECT, INDIREC
      +                          T,
    40                           ; INCIDENTAL, SPECIAL, EXEMPLARY, OR CONSEQUENTIAL DAMAGES (INCLUDING BUT NOT LIMITED TO
    41                           ; PROCUREMENT OF SUBSTITUTE GOODS OR SERVICES; LOSS OF USE, DATA OR PROFITS; OR BUSINESS
    42                           ; INTERRUPTION) HOWSOEVER CAUSED AND ON ANY THEORY OF LIABILITY, WHETHER IN CONTRACT, ST
      +                          RICT
    43                           ; LIABILITY, OR TORT (INCLUDING NEGLIGENCE OR OTHERWISE) ARISING IN ANY WAY OUT OF THE U
      +                          SE OF
    44                           ; THIS SOFTWARE, EVEN IF ADVISED OF THE POSSIBILITY OF SUCH DAMAGE.
    45                           ; 
    46                           ; 
    47                           ; Code-generator required, PIC16F1455 Definitions
    48                           ; 
    49                           ; SFR Addresses
    50  0000                     	;# 
    51  0001                     	;# 
    52  0002                     	;# 
    53  0003                     	;# 
    54  0004                     	;# 
    55  0005                     	;# 
    56  0006                     	;# 
    57  0007                     	;# 
    58  0008                     	;# 
    59  0009                     	;# 
    60  000A                     	;# 
    61  000B                     	;# 
    62  000C                     	;# 
    63  000E                     	;# 
    64  0011                     	;# 
    65  0012                     	;# 
    66  0015                     	;# 
    67  0016                     	;# 
    68  0016                     	;# 
    69  0017                     	;# 
    70  0018                     	;# 
    71  0019                     	;# 
    72  001A                     	;# 
    73  001B                     	;# 
    74  001C                     	;# 
    75  008C                     	;# 
    76  008E                     	;# 
    77  0091                     	;# 
    78  0092                     	;# 
    79  0095                     	;# 
    80  0096                     	;# 
    81  0097                     	;# 
    82  0098                     	;# 
    83  0099                     	;# 
    84  009A                     	;# 
    85  009B                     	;# 
    86  009B                     	;# 
    87  009C                     	;# 
    88  009D                     	;# 
    89  009E                     	;# 
    90  009F                     	;# 
    91  010C                     	;# 
    92  010E                     	;# 
    93  0111                     	;# 
    94  0112                     	;# 
    95  0113                     	;# 
    96  0114                     	;# 
    97  0115                     	;# 
    98  0116                     	;# 
    99  0117                     	;# 
   100  0118                     	;# 
   101  0119                     	;# 
   102  011D                     	;# 
   103  018C                     	;# 
   104  018E                     	;# 
   105  0191                     	;# 
   106  0191                     	;# 
   107  0192                     	;# 
   108  0193                     	;# 
   109  0193                     	;# 
   110  0194                     	;# 
   111  0195                     	;# 
   112  0196                     	;# 
   113  0197                     	;# 
   114  0199                     	;# 
   115  019A                     	;# 
   116  019B                     	;# 
   117  019B                     	;# 
   118  019C                     	;# 
   119  019D                     	;# 
   120  019E                     	;# 
   121  019F                     	;# 
   122  020C                     	;# 
   123  0211                     	;# 
   124  0211                     	;# 
   125  0212                     	;# 
   126  0212                     	;# 
   127  0213                     	;# 
   128  0213                     	;# 
   129  0214                     	;# 
   130  0214                     	;# 
   131  0215                     	;# 
   132  0215                     	;# 
   133  0215                     	;# 
   134  0216                     	;# 
   135  0216                     	;# 
   136  0217                     	;# 
   137  0217                     	;# 
   138  0391                     	;# 
   139  0392                     	;# 
   140  0393                     	;# 
   141  039A                     	;# 
   142  039B                     	;# 
   143  0611                     	;# 
   144  0612                     	;# 
   145  0613                     	;# 
   146  0613                     	;# 
   147  0614                     	;# 
   148  0615                     	;# 
   149  0616                     	;# 
   150  0616                     	;# 
   151  0691                     	;# 
   152  0692                     	;# 
   153  0693                     	;# 
   154  0694                     	;# 
   155  0695                     	;# 
   156  0E8E                     	;# 
   157  0E8F                     	;# 
   158  0E90                     	;# 
   159  0E91                     	;# 
   160  0E92                     	;# 
   161  0E93                     	;# 
   162  0E94                     	;# 
   163  0E94                     	;# 
   164  0E95                     	;# 
   165  0E96                     	;# 
   166  0E97                     	;# 
   167  0E98                     	;# 
   168  0E99                     	;# 
   169  0E9A                     	;# 
   170  0E9B                     	;# 
   171  0E9C                     	;# 
   172  0E9D                     	;# 
   173  0E9E                     	;# 
   174  0E9F                     	;# 
   175  0FE4                     	;# 
   176  0FE5                     	;# 
   177  0FE6                     	;# 
   178  0FE7                     	;# 
   179  0FE8                     	;# 
   180  0FE9                     	;# 
   181  0FEA                     	;# 
   182  0FEB                     	;# 
   183  0FED                     	;# 
   184  0FEE                     	;# 
   185  0FEF                     	;# 
   186  0000                     	;# 
   187  0001                     	;# 
   188  0002                     	;# 
   189  0003                     	;# 
   190  0004                     	;# 
   191  0005                     	;# 
   192  0006                     	;# 
   193  0007                     	;# 
   194  0008                     	;# 
   195  0009                     	;# 
   196  000A                     	;# 
   197  000B                     	;# 
   198  000C                     	;# 
   199  000E                     	;# 
   200  0011                     	;# 
   201  0012                     	;# 
   202  0015                     	;# 
   203  0016                     	;# 
   204  0016                     	;# 
   205  0017                     	;# 
   206  0018                     	;# 
   207  0019                     	;# 
   208  001A                     	;# 
   209  001B                     	;# 
   210  001C                     	;# 
   211  008C                     	;# 
   212  008E                     	;# 
   213  0091                     	;# 
   214  0092                     	;# 
   215  0095                     	;# 
   216  0096                     	;# 
   217  0097                     	;# 
   218  0098                     	;# 
   219  0099                     	;# 
   220  009A                     	;# 
   221  009B                     	;# 
   222  009B                     	;# 
   223  009C                     	;# 
   224  009D                     	;# 
   225  009E                     	;# 
   226  009F                     	;# 
   227  010C                     	;# 
   228  010E                     	;# 
   229  0111                     	;# 
   230  0112                     	;# 
   231  0113                     	;# 
   232  0114                     	;# 
   233  0115                     	;# 
   234  0116                     	;# 
   235  0117                     	;# 
   236  0118                     	;# 
   237  0119                     	;# 
   238  011D                     	;# 
   239  018C                     	;# 
   240  018E                     	;# 
   241  0191                     	;# 
   242  0191                     	;# 
   243  0192                     	;# 
   244  0193                     	;# 
   245  0193                     	;# 
   246  0194                     	;# 
   247  0195                     	;# 
   248  0196                     	;# 
   249  0197                     	;# 
   250  0199                     	;# 
   251  019A                     	;# 
   252  019B                     	;# 
   253  019B                     	;# 
   254  019C                     	;# 
   255  019D                     	;# 
   256  019E                     	;# 
   257  019F                     	;# 
   258  020C                     	;# 
   259  0211                     	;# 
   260  0211                     	;# 
   261  0212                     	;# 
   262  0212                     	;# 
   263  0213                     	;# 
   264  0213                     	;# 
   265  0214                     	;# 
   266  0214                     	;# 
   267  0215                     	;# 
   268  0215                     	;# 
   269  0215                     	;# 
   270  0216                     	;# 
   271  0216                     	;# 
   272  0217                     	;# 
   273  0217                     	;# 
   274  0391                     	;# 
   275  0392                     	;# 
   276  0393                     	;# 
   277  039A                     	;# 
   278  039B                     	;# 
   279  0611                     	;# 
   280  0612                     	;# 
   281  0613                     	;# 
   282  0613                     	;# 
   283  0614                     	;# 
   284  0615                     	;# 
   285  0616                     	;# 
   286  0616                     	;# 
   287  0691                     	;# 
   288  0692                     	;# 
   289  0693                     	;# 
   290  0694                     	;# 
   291  0695                     	;# 
   292  0E8E                     	;# 
   293  0E8F                     	;# 
   294  0E90                     	;# 
   295  0E91                     	;# 
   296  0E92                     	;# 
   297  0E93                     	;# 
   298  0E94                     	;# 
   299  0E94                     	;# 
   300  0E95                     	;# 
   301  0E96                     	;# 
   302  0E97                     	;# 
   303  0E98                     	;# 
   304  0E99                     	;# 
   305  0E9A                     	;# 
   306  0E9B                     	;# 
   307  0E9C                     	;# 
   308  0E9D                     	;# 
   309  0E9E                     	;# 
   310  0E9F                     	;# 
   311  0FE4                     	;# 
   312  0FE5                     	;# 
   313  0FE6                     	;# 
   314  0FE7                     	;# 
   315  0FE8                     	;# 
   316  0FE9                     	;# 
   317  0FEA                     	;# 
   318  0FEB                     	;# 
   319  0FED                     	;# 
   320  0FEE                     	;# 
   321  0FEF                     	;# 
   322  0000                     	;# 
   323  0001                     	;# 
   324  0002                     	;# 
   325  0003                     	;# 
   326  0004                     	;# 
   327  0005                     	;# 
   328  0006                     	;# 
   329  0007                     	;# 
   330  0008                     	;# 
   331  0009                     	;# 
   332  000A                     	;# 
   333  000B                     	;# 
   334  000C                     	;# 
   335  000E                     	;# 
   336  0011                     	;# 
   337  0012                     	;# 
   338  0015                     	;# 
   339  0016                     	;# 
   340  0016                     	;# 
   341  0017                     	;# 
   342  0018                     	;# 
   343  0019                     	;# 
   344  001A                     	;# 
   345  001B                     	;# 
   346  001C                     	;# 
   347  008C                     	;# 
   348  008E                     	;# 
   349  0091                     	;# 
   350  0092                     	;# 
   351  0095                     	;# 
   352  0096                     	;# 
   353  0097                     	;# 
   354  0098                     	;# 
   355  0099                     	;# 
   356  009A                     	;# 
   357  009B                     	;# 
   358  009B                     	;# 
   359  009C                     	;# 
   360  009D                     	;# 
   361  009E                     	;# 
   362  009F                     	;# 
   363  010C                     	;# 
   364  010E                     	;# 
   365  0111                     	;# 
   366  0112                     	;# 
   367  0113                     	;# 
   368  0114                     	;# 
   369  0115                     	;# 
   370  0116                     	;# 
   371  0117                     	;# 
   372  0118                     	;# 
   373  0119                     	;# 
   374  011D                     	;# 
   375  018C                     	;# 
   376  018E                     	;# 
   377  0191                     	;# 
   378  0191                     	;# 
   379  0192                     	;# 
   380  0193                     	;# 
   381  0193                     	;# 
   382  0194                     	;# 
   383  0195                     	;# 
   384  0196                     	;# 
   385  0197                     	;# 
   386  0199                     	;# 
   387  019A                     	;# 
   388  019B                     	;# 
   389  019B                     	;# 
   390  019C                     	;# 
   391  019D                     	;# 
   392  019E                     	;# 
   393  019F                     	;# 
   394  020C                     	;# 
   395  0211                     	;# 
   396  0211                     	;# 
   397  0212                     	;# 
   398  0212                     	;# 
   399  0213                     	;# 
   400  0213                     	;# 
   401  0214                     	;# 
   402  0214                     	;# 
   403  0215                     	;# 
   404  0215                     	;# 
   405  0215                     	;# 
   406  0216                     	;# 
   407  0216                     	;# 
   408  0217                     	;# 
   409  0217                     	;# 
   410  0391                     	;# 
   411  0392                     	;# 
   412  0393                     	;# 
   413  039A                     	;# 
   414  039B                     	;# 
   415  0611                     	;# 
   416  0612                     	;# 
   417  0613                     	;# 
   418  0613                     	;# 
   419  0614                     	;# 
   420  0615                     	;# 
   421  0616                     	;# 
   422  0616                     	;# 
   423  0691                     	;# 
   424  0692                     	;# 
   425  0693                     	;# 
   426  0694                     	;# 
   427  0695                     	;# 
   428  0E8E                     	;# 
   429  0E8F                     	;# 
   430  0E90                     	;# 
   431  0E91                     	;# 
   432  0E92                     	;# 
   433  0E93                     	;# 
   434  0E94                     	;# 
   435  0E94                     	;# 
   436  0E95                     	;# 
   437  0E96                     	;# 
   438  0E97                     	;# 
   439  0E98                     	;# 
   440  0E99                     	;# 
   441  0E9A                     	;# 
   442  0E9B                     	;# 
   443  0E9C                     	;# 
   444  0E9D                     	;# 
   445  0E9E                     	;# 
   446  0E9F                     	;# 
   447  0FE4                     	;# 
   448  0FE5                     	;# 
   449  0FE6                     	;# 
   450  0FE7                     	;# 
   451  0FE8                     	;# 
   452  0FE9                     	;# 
   453  0FEA                     	;# 
   454  0FEB                     	;# 
   455  0FED                     	;# 
   456  0FEE                     	;# 
   457  0FEF                     	;# 
   458  0000                     	;# 
   459  0001                     	;# 
   460  0002                     	;# 
   461  0003                     	;# 
   462  0004                     	;# 
   463  0005                     	;# 
   464  0006                     	;# 
   465  0007                     	;# 
   466  0008                     	;# 
   467  0009                     	;# 
   468  000A                     	;# 
   469  000B                     	;# 
   470  000C                     	;# 
   471  000E                     	;# 
   472  0011                     	;# 
   473  0012                     	;# 
   474  0015                     	;# 
   475  0016                     	;# 
   476  0016                     	;# 
   477  0017                     	;# 
   478  0018                     	;# 
   479  0019                     	;# 
   480  001A                     	;# 
   481  001B                     	;# 
   482  001C                     	;# 
   483  008C                     	;# 
   484  008E                     	;# 
   485  0091                     	;# 
   486  0092                     	;# 
   487  0095                     	;# 
   488  0096                     	;# 
   489  0097                     	;# 
   490  0098                     	;# 
   491  0099                     	;# 
   492  009A                     	;# 
   493  009B                     	;# 
   494  009B                     	;# 
   495  009C                     	;# 
   496  009D                     	;# 
   497  009E                     	;# 
   498  009F                     	;# 
   499  010C                     	;# 
   500  010E                     	;# 
   501  0111                     	;# 
   502  0112                     	;# 
   503  0113                     	;# 
   504  0114                     	;# 
   505  0115                     	;# 
   506  0116                     	;# 
   507  0117                     	;# 
   508  0118                     	;# 
   509  0119                     	;# 
   510  011D                     	;# 
   511  018C                     	;# 
   512  018E                     	;# 
   513  0191                     	;# 
   514  0191                     	;# 
   515  0192                     	;# 
   516  0193                     	;# 
   517  0193                     	;# 
   518  0194                     	;# 
   519  0195                     	;# 
   520  0196                     	;# 
   521  0197                     	;# 
   522  0199                     	;# 
   523  019A                     	;# 
   524  019B                     	;# 
   525  019B                     	;# 
   526  019C                     	;# 
   527  019D                     	;# 
   528  019E                     	;# 
   529  019F                     	;# 
   530  020C                     	;# 
   531  0211                     	;# 
   532  0211                     	;# 
   533  0212                     	;# 
   534  0212                     	;# 
   535  0213                     	;# 
   536  0213                     	;# 
   537  0214                     	;# 
   538  0214                     	;# 
   539  0215                     	;# 
   540  0215                     	;# 
   541  0215                     	;# 
   542  0216                     	;# 
   543  0216                     	;# 
   544  0217                     	;# 
   545  0217                     	;# 
   546  0391                     	;# 
   547  0392                     	;# 
   548  0393                     	;# 
   549  039A                     	;# 
   550  039B                     	;# 
   551  0611                     	;# 
   552  0612                     	;# 
   553  0613                     	;# 
   554  0613                     	;# 
   555  0614                     	;# 
   556  0615                     	;# 
   557  0616                     	;# 
   558  0616                     	;# 
   559  0691                     	;# 
   560  0692                     	;# 
   561  0693                     	;# 
   562  0694                     	;# 
   563  0695                     	;# 
   564  0E8E                     	;# 
   565  0E8F                     	;# 
   566  0E90                     	;# 
   567  0E91                     	;# 
   568  0E92                     	;# 
   569  0E93                     	;# 
   570  0E94                     	;# 
   571  0E94                     	;# 
   572  0E95                     	;# 
   573  0E96                     	;# 
   574  0E97                     	;# 
   575  0E98                     	;# 
   576  0E99                     	;# 
   577  0E9A                     	;# 
   578  0E9B                     	;# 
   579  0E9C                     	;# 
   580  0E9D                     	;# 
   581  0E9E                     	;# 
   582  0E9F                     	;# 
   583  0FE4                     	;# 
   584  0FE5                     	;# 
   585  0FE6                     	;# 
   586  0FE7                     	;# 
   587  0FE8                     	;# 
   588  0FE9                     	;# 
   589  0FEA                     	;# 
   590  0FEB                     	;# 
   591  0FED                     	;# 
   592  0FEE                     	;# 
   593  0FEF                     	;# 
   594  0002                     _PCL	set	2
   595  000A                     _PCLATH	set	10
   596  000B                     _INTCONbits	set	11
   597  000C                     _PORTAbits	set	12
   598  008E                     _TRISC	set	142
   599  008C                     _TRISAbits	set	140
   600  010E                     _LATCbits	set	270
   601  010E                     _LATC	set	270
   602  018E                     _ANSELC	set	398
   603  0393                     _IOCAFbits	set	915
   604  0392                     _IOCANbits	set	914
   605                           
   606                           ; #config settings
   607  0000                     
   608                           	psect	cinit
   609  001B                     start_initialization:	
   610  001B                     __initialization:	
   611  001B                     end_of_initialization:	
   612                           ;End of C runtime variable initialization code
   613                           
   614  001B                     __end_of__initialization:	
   615  001B  107E               	bcf	int$flags,0	;clear compiler interrupt flag (level 1)
   616  001C  0020               	movlb	0
   617  001D  3180  281F         	ljmp	_main	;jump to C main() function
   618                           
   619                           	psect	cstackCOMMON
   620  0070                     __pcstackCOMMON:	
   621  0070                     ?_setup:	
   622  0070                     ?_turn_led_on:	
   623                           ; 1 bytes @ 0x0
   624                           
   625  0070                     ?_turn_led_off:	
   626                           ; 1 bytes @ 0x0
   627                           
   628  0070                     ?_clear_leds:	
   629                           ; 1 bytes @ 0x0
   630                           
   631  0070                     ?_main:	
   632                           ; 1 bytes @ 0x0
   633                           
   634  0070                     ?_ISR:	
   635                           ; 1 bytes @ 0x0
   636                           
   637  0070                     ??_ISR:	
   638                           ; 1 bytes @ 0x0
   639                           
   640  0070                     ?i1_clear_leds:	
   641                           ; 1 bytes @ 0x0
   642                           
   643  0070                     ??i1_clear_leds:	
   644                           ; 1 bytes @ 0x0
   645                           
   646                           
   647                           ; 1 bytes @ 0x0
   648  0070                     	ds	1
   649  0071                     ??_setup:	
   650  0071                     ?_delay_ms:	
   651                           ; 1 bytes @ 0x1
   652                           
   653  0071                     ??_turn_led_on:	
   654                           ; 1 bytes @ 0x1
   655                           
   656  0071                     ??_turn_led_off:	
   657                           ; 1 bytes @ 0x1
   658                           
   659  0071                     ??_clear_leds:	
   660                           ; 1 bytes @ 0x1
   661                           
   662  0071                     turn_led_on@led:	
   663                           ; 1 bytes @ 0x1
   664                           
   665  0071                     turn_led_off@led:	
   666                           ; 1 bytes @ 0x1
   667                           
   668  0071                     delay_ms@milliseconds:	
   669                           ; 1 bytes @ 0x1
   670                           
   671                           
   672                           ; 2 bytes @ 0x1
   673  0071                     	ds	2
   674  0073                     ??_delay_ms:	
   675  0073                     ??_main:	
   676                           ; 1 bytes @ 0x3
   677                           
   678                           
   679                           ; 1 bytes @ 0x3
   680  0073                     	ds	1
   681  0074                     main@i:	
   682                           
   683                           ; 1 bytes @ 0x4
   684  0074                     	ds	1
   685                           
   686                           	psect	maintext
   687  001F                     __pmaintext:	
   688 ;;
   689 ;;Main: autosize = 0, tempsize = 1, incstack = 0, save=0
   690 ;;
   691 ;; *************** function _main *****************
   692 ;; Defined at:
   693 ;;		line 11 in file "LED_Wand.c"
   694 ;; Parameters:    Size  Location     Type
   695 ;;		None
   696 ;; Auto vars:     Size  Location     Type
   697 ;;  i               1    4[COMMON] unsigned char 
   698 ;; Return value:  Size  Location     Type
   699 ;;                  1    wreg      void 
   700 ;; Registers used:
   701 ;;		wreg, status,2, status,0, pclath, cstack
   702 ;; Tracked objects:
   703 ;;		On entry : B1F/0
   704 ;;		On exit  : 0/0
   705 ;;		Unchanged: 0/0
   706 ;; Data sizes:     COMMON   BANK0   BANK1   BANK2   BANK3   BANK4   BANK5   BANK6   BANK7   BANK8   BANK9  BANK10  BANK1
      +1  BANK12
   707 ;;      Params:         0       0       0       0       0       0       0       0       0       0       0       0       
      +0       0
   708 ;;      Locals:         1       0       0       0       0       0       0       0       0       0       0       0       
      +0       0
   709 ;;      Temps:          1       0       0       0       0       0       0       0       0       0       0       0       
      +0       0
   710 ;;      Totals:         2       0       0       0       0       0       0       0       0       0       0       0       
      +0       0
   711 ;;Total ram usage:        2 bytes
   712 ;; Hardware stack levels required when called:    4
   713 ;; This function calls:
   714 ;;		_delay_ms
   715 ;;		_setup
   716 ;;		_turn_led_off
   717 ;;		_turn_led_on
   718 ;; This function is called by:
   719 ;;		Startup code after reset
   720 ;; This function uses a non-reentrant model
   721 ;;
   722                           
   723                           
   724                           ;psect for function _main
   725  001F                     _main:	
   726                           
   727                           ;LED_Wand.c: 13: setup();
   728                           
   729                           ;incstack = 0
   730                           ; Regs used in _main: [wreg+status,2+status,0+pclath+cstack]
   731  001F  3180  20B2  3180   	fcall	_setup
   732                           
   733                           ;LED_Wand.c: 15: uint8_t i = 0;
   734  0022  01F4               	clrf	main@i
   735                           
   736                           ;LED_Wand.c: 17: delay_ms(80);
   737  0023  3050               	movlw	80
   738  0024  00F1               	movwf	delay_ms@milliseconds
   739  0025  3000               	movlw	0
   740  0026  00F2               	movwf	delay_ms@milliseconds+1
   741  0027  3180  20C1  3180   	fcall	_delay_ms
   742  002A                     l635:	
   743                           ;LED_Wand.c: 18: while (1)
   744                           
   745                           
   746                           ;LED_Wand.c: 19: {
   747                           ;LED_Wand.c: 21: for (i = 1; i <= 6; i++)
   748  002A  01F4               	clrf	main@i
   749  002B  0AF4               	incf	main@i,f
   750  002C  3007               	movlw	7
   751  002D  0274               	subwf	main@i,w
   752  002E  1803               	btfsc	3,0
   753  002F  2840               	goto	l35
   754  0030                     l641:	
   755                           
   756                           ;LED_Wand.c: 22: {
   757                           ;LED_Wand.c: 23: turn_led_on(i);
   758  0030  0874               	movf	main@i,w
   759  0031  3180  205E  3180   	fcall	_turn_led_on
   760                           
   761                           ;LED_Wand.c: 24: _delay((unsigned long)((5)*(500000/4000.0)));
   762  0034  30D0               	movlw	208
   763  0035                     u287:	
   764  0035  0B89               	decfsz	9,f
   765  0036  2835               	goto	u287
   766  0037  0000               	nop
   767  0038  3001               	movlw	1
   768  0039  00F3               	movwf	??_main
   769  003A  0873               	movf	??_main,w
   770  003B  07F4               	addwf	main@i,f
   771  003C  3007               	movlw	7
   772  003D  0274               	subwf	main@i,w
   773  003E  1C03               	skipc
   774  003F  2830               	goto	l641
   775  0040                     l35:	
   776                           
   777                           ;LED_Wand.c: 25: }
   778                           ;LED_Wand.c: 26: for (i = 1; i <= 6; i++)
   779  0040  01F4               	clrf	main@i
   780  0041  0AF4               	incf	main@i,f
   781  0042                     L1:	
   782  0042  3007               	movlw	7
   783  0043  0274               	subwf	main@i,w
   784  0044  1803               	btfsc	3,0
   785  0045  285A               	goto	l663
   786                           
   787                           ;LED_Wand.c: 27: {
   788                           ;LED_Wand.c: 28: turn_led_off(i);
   789  0046  0874               	movf	main@i,w
   790  0047  3180  2088  3180   	fcall	_turn_led_off
   791                           
   792                           ;LED_Wand.c: 29: _delay((unsigned long)((5)*(500000/4000.0)));
   793  004A  30D0               	movlw	208
   794  004B                     u297:	
   795  004B  0B89               	decfsz	9,f
   796  004C  284B               	goto	u297
   797  004D  0000               	nop
   798  004E  3001               	movlw	1
   799  004F  00F3               	movwf	??_main
   800  0050  0873               	movf	??_main,w
   801  0051  07F4               	addwf	main@i,f
   802  0052  2842               	goto	L1
   803  0053                     l661:	
   804                           ;LED_Wand.c: 30: }
   805                           ;LED_Wand.c: 31: while (PORTAbits.RA3 != 0)
   806                           
   807                           
   808                           ;LED_Wand.c: 32: {
   809                           ;LED_Wand.c: 33: delay_ms(10);
   810  0053  300A               	movlw	10
   811  0054  00F1               	movwf	delay_ms@milliseconds
   812  0055  3000               	movlw	0
   813  0056  00F2               	movwf	delay_ms@milliseconds+1
   814  0057  3180  20C1  3180   	fcall	_delay_ms
   815  005A                     l663:	
   816  005A  0020               	movlb	0	; select bank0
   817  005B  1D8C               	btfss	12,3	;volatile
   818  005C  282A               	goto	l635
   819  005D  2853               	goto	l661
   820  005E                     __end_of_main:	
   821                           ;LED_Wand.c: 34: }
   822                           ;LED_Wand.c: 36: }
   823                           ;LED_Wand.c: 39: return;
   824                           
   825                           
   826                           	psect	text1
   827  005E                     __ptext1:	
   828 ;; *************** function _turn_led_on *****************
   829 ;; Defined at:
   830 ;;		line 33 in file "led.c"
   831 ;; Parameters:    Size  Location     Type
   832 ;;  led             1    wreg     unsigned char 
   833 ;; Auto vars:     Size  Location     Type
   834 ;;  led             1    1[COMMON] unsigned char 
   835 ;; Return value:  Size  Location     Type
   836 ;;                  1    wreg      void 
   837 ;; Registers used:
   838 ;;		wreg, status,2, status,0
   839 ;; Tracked objects:
   840 ;;		On entry : 0/0
   841 ;;		On exit  : 0/0
   842 ;;		Unchanged: 0/0
   843 ;; Data sizes:     COMMON   BANK0   BANK1   BANK2   BANK3   BANK4   BANK5   BANK6   BANK7   BANK8   BANK9  BANK10  BANK1
      +1  BANK12
   844 ;;      Params:         0       0       0       0       0       0       0       0       0       0       0       0       
      +0       0
   845 ;;      Locals:         1       0       0       0       0       0       0       0       0       0       0       0       
      +0       0
   846 ;;      Temps:          0       0       0       0       0       0       0       0       0       0       0       0       
      +0       0
   847 ;;      Totals:         1       0       0       0       0       0       0       0       0       0       0       0       
      +0       0
   848 ;;Total ram usage:        1 bytes
   849 ;; Hardware stack levels used:    1
   850 ;; Hardware stack levels required when called:    2
   851 ;; This function calls:
   852 ;;		Nothing
   853 ;; This function is called by:
   854 ;;		_main
   855 ;;		_show_led_up_to
   856 ;; This function uses a non-reentrant model
   857 ;;
   858                           
   859                           
   860                           ;psect for function _turn_led_on
   861  005E                     _turn_led_on:	
   862                           
   863                           ;incstack = 0
   864                           ; Regs used in _turn_led_on: [wreg+status,2+status,0]
   865                           ;turn_led_on@led stored from wreg
   866  005E  00F1               	movwf	turn_led_on@led
   867                           
   868                           ;led.c: 35: if (led == 1)
   869  005F  0371               	decf	turn_led_on@led,w
   870  0060  1D03               	btfss	3,2
   871  0061  2865               	goto	l513
   872                           
   873                           ;led.c: 36: {
   874                           ;led.c: 37: LATCbits.LATC5 = 1;
   875  0062  0022               	movlb	2	; select bank2
   876  0063  168E               	bsf	14,5	;volatile
   877                           
   878                           ;led.c: 38: }
   879  0064  0008               	return
   880  0065                     l513:	
   881                           
   882                           ;led.c: 39: else if (led == 2)
   883  0065  3002               	movlw	2
   884  0066  0671               	xorwf	turn_led_on@led,w
   885  0067  1D03               	btfss	3,2
   886  0068  286C               	goto	l517
   887                           
   888                           ;led.c: 40: {
   889                           ;led.c: 41: LATCbits.LATC4 = 1;
   890  0069  0022               	movlb	2	; select bank2
   891  006A  160E               	bsf	14,4	;volatile
   892                           
   893                           ;led.c: 42: }
   894  006B  0008               	return
   895  006C                     l517:	
   896                           
   897                           ;led.c: 43: else if (led == 3)
   898  006C  3003               	movlw	3
   899  006D  0671               	xorwf	turn_led_on@led,w
   900  006E  1D03               	btfss	3,2
   901  006F  2873               	goto	l521
   902                           
   903                           ;led.c: 44: {
   904                           ;led.c: 45: LATCbits.LATC3 = 1;
   905  0070  0022               	movlb	2	; select bank2
   906  0071  158E               	bsf	14,3	;volatile
   907                           
   908                           ;led.c: 46: }
   909  0072  0008               	return
   910  0073                     l521:	
   911                           
   912                           ;led.c: 47: else if (led == 4)
   913  0073  3004               	movlw	4
   914  0074  0671               	xorwf	turn_led_on@led,w
   915  0075  1D03               	btfss	3,2
   916  0076  287A               	goto	l525
   917                           
   918                           ;led.c: 48: {
   919                           ;led.c: 49: LATCbits.LATC2 = 1;
   920  0077  0022               	movlb	2	; select bank2
   921  0078  150E               	bsf	14,2	;volatile
   922                           
   923                           ;led.c: 50: }
   924  0079  0008               	return
   925  007A                     l525:	
   926                           
   927                           ;led.c: 51: else if (led == 5)
   928  007A  3005               	movlw	5
   929  007B  0671               	xorwf	turn_led_on@led,w
   930  007C  1D03               	btfss	3,2
   931  007D  2881               	goto	l529
   932                           
   933                           ;led.c: 52: {
   934                           ;led.c: 53: LATCbits.LATC1 = 1;
   935  007E  0022               	movlb	2	; select bank2
   936  007F  148E               	bsf	14,1	;volatile
   937                           
   938                           ;led.c: 54: }
   939  0080  0008               	return
   940  0081                     l529:	
   941                           
   942                           ;led.c: 55: else if (led == 6)
   943  0081  3006               	movlw	6
   944  0082  0671               	xorwf	turn_led_on@led,w
   945  0083  1D03               	btfss	3,2
   946  0084  0008               	return
   947                           
   948                           ;led.c: 56: {
   949                           ;led.c: 57: LATCbits.LATC0 = 1;
   950  0085  0022               	movlb	2	; select bank2
   951  0086  140E               	bsf	14,0	;volatile
   952  0087  0008               	return
   953  0088                     __end_of_turn_led_on:	
   954                           
   955                           	psect	text2
   956  0088                     __ptext2:	
   957 ;; *************** function _turn_led_off *****************
   958 ;; Defined at:
   959 ;;		line 62 in file "led.c"
   960 ;; Parameters:    Size  Location     Type
   961 ;;  led             1    wreg     unsigned char 
   962 ;; Auto vars:     Size  Location     Type
   963 ;;  led             1    1[COMMON] unsigned char 
   964 ;; Return value:  Size  Location     Type
   965 ;;                  1    wreg      void 
   966 ;; Registers used:
   967 ;;		wreg, status,2, status,0
   968 ;; Tracked objects:
   969 ;;		On entry : 0/0
   970 ;;		On exit  : 0/0
   971 ;;		Unchanged: 0/0
   972 ;; Data sizes:     COMMON   BANK0   BANK1   BANK2   BANK3   BANK4   BANK5   BANK6   BANK7   BANK8   BANK9  BANK10  BANK1
      +1  BANK12
   973 ;;      Params:         0       0       0       0       0       0       0       0       0       0       0       0       
      +0       0
   974 ;;      Locals:         1       0       0       0       0       0       0       0       0       0       0       0       
      +0       0
   975 ;;      Temps:          0       0       0       0       0       0       0       0       0       0       0       0       
      +0       0
   976 ;;      Totals:         1       0       0       0       0       0       0       0       0       0       0       0       
      +0       0
   977 ;;Total ram usage:        1 bytes
   978 ;; Hardware stack levels used:    1
   979 ;; Hardware stack levels required when called:    2
   980 ;; This function calls:
   981 ;;		Nothing
   982 ;; This function is called by:
   983 ;;		_main
   984 ;; This function uses a non-reentrant model
   985 ;;
   986                           
   987                           
   988                           ;psect for function _turn_led_off
   989  0088                     _turn_led_off:	
   990                           
   991                           ;incstack = 0
   992                           ; Regs used in _turn_led_off: [wreg+status,2+status,0]
   993                           ;turn_led_off@led stored from wreg
   994  0088  00F1               	movwf	turn_led_off@led
   995                           
   996                           ;led.c: 64: if (led == 1)
   997  0089  0371               	decf	turn_led_off@led,w
   998  008A  1D03               	btfss	3,2
   999  008B  288F               	goto	l537
  1000                           
  1001                           ;led.c: 65: {
  1002                           ;led.c: 66: LATCbits.LATC5 = 0;
  1003  008C  0022               	movlb	2	; select bank2
  1004  008D  128E               	bcf	14,5	;volatile
  1005                           
  1006                           ;led.c: 67: }
  1007  008E  0008               	return
  1008  008F                     l537:	
  1009                           
  1010                           ;led.c: 68: else if (led == 2)
  1011  008F  3002               	movlw	2
  1012  0090  0671               	xorwf	turn_led_off@led,w
  1013  0091  1D03               	btfss	3,2
  1014  0092  2896               	goto	l541
  1015                           
  1016                           ;led.c: 69: {
  1017                           ;led.c: 70: LATCbits.LATC4 = 0;
  1018  0093  0022               	movlb	2	; select bank2
  1019  0094  120E               	bcf	14,4	;volatile
  1020                           
  1021                           ;led.c: 71: }
  1022  0095  0008               	return
  1023  0096                     l541:	
  1024                           
  1025                           ;led.c: 72: else if (led == 3)
  1026  0096  3003               	movlw	3
  1027  0097  0671               	xorwf	turn_led_off@led,w
  1028  0098  1D03               	btfss	3,2
  1029  0099  289D               	goto	l545
  1030                           
  1031                           ;led.c: 73: {
  1032                           ;led.c: 74: LATCbits.LATC3 = 0;
  1033  009A  0022               	movlb	2	; select bank2
  1034  009B  118E               	bcf	14,3	;volatile
  1035                           
  1036                           ;led.c: 75: }
  1037  009C  0008               	return
  1038  009D                     l545:	
  1039                           
  1040                           ;led.c: 76: else if (led == 4)
  1041  009D  3004               	movlw	4
  1042  009E  0671               	xorwf	turn_led_off@led,w
  1043  009F  1D03               	btfss	3,2
  1044  00A0  28A4               	goto	l549
  1045                           
  1046                           ;led.c: 77: {
  1047                           ;led.c: 78: LATCbits.LATC2 = 0;
  1048  00A1  0022               	movlb	2	; select bank2
  1049  00A2  110E               	bcf	14,2	;volatile
  1050                           
  1051                           ;led.c: 79: }
  1052  00A3  0008               	return
  1053  00A4                     l549:	
  1054                           
  1055                           ;led.c: 80: else if (led == 5)
  1056  00A4  3005               	movlw	5
  1057  00A5  0671               	xorwf	turn_led_off@led,w
  1058  00A6  1D03               	btfss	3,2
  1059  00A7  28AB               	goto	l553
  1060                           
  1061                           ;led.c: 81: {
  1062                           ;led.c: 82: LATCbits.LATC1 = 0;
  1063  00A8  0022               	movlb	2	; select bank2
  1064  00A9  108E               	bcf	14,1	;volatile
  1065                           
  1066                           ;led.c: 83: }
  1067  00AA  0008               	return
  1068  00AB                     l553:	
  1069                           
  1070                           ;led.c: 84: else if (led == 6)
  1071  00AB  3006               	movlw	6
  1072  00AC  0671               	xorwf	turn_led_off@led,w
  1073  00AD  1D03               	btfss	3,2
  1074  00AE  0008               	return
  1075                           
  1076                           ;led.c: 85: {
  1077                           ;led.c: 86: LATCbits.LATC0 = 0;
  1078  00AF  0022               	movlb	2	; select bank2
  1079  00B0  100E               	bcf	14,0	;volatile
  1080  00B1  0008               	return
  1081  00B2                     __end_of_turn_led_off:	
  1082                           
  1083                           	psect	text3
  1084  00B2                     __ptext3:	
  1085 ;; *************** function _setup *****************
  1086 ;; Defined at:
  1087 ;;		line 43 in file "LED_Wand.c"
  1088 ;; Parameters:    Size  Location     Type
  1089 ;;		None
  1090 ;; Auto vars:     Size  Location     Type
  1091 ;;		None
  1092 ;; Return value:  Size  Location     Type
  1093 ;;                  1    wreg      void 
  1094 ;; Registers used:
  1095 ;;		status,2, status,0, pclath, cstack
  1096 ;; Tracked objects:
  1097 ;;		On entry : 0/0
  1098 ;;		On exit  : 0/0
  1099 ;;		Unchanged: 0/0
  1100 ;; Data sizes:     COMMON   BANK0   BANK1   BANK2   BANK3   BANK4   BANK5   BANK6   BANK7   BANK8   BANK9  BANK10  BANK1
      +1  BANK12
  1101 ;;      Params:         0       0       0       0       0       0       0       0       0       0       0       0       
      +0       0
  1102 ;;      Locals:         0       0       0       0       0       0       0       0       0       0       0       0       
      +0       0
  1103 ;;      Temps:          0       0       0       0       0       0       0       0       0       0       0       0       
      +0       0
  1104 ;;      Totals:         0       0       0       0       0       0       0       0       0       0       0       0       
      +0       0
  1105 ;;Total ram usage:        0 bytes
  1106 ;; Hardware stack levels used:    1
  1107 ;; Hardware stack levels required when called:    3
  1108 ;; This function calls:
  1109 ;;		_clear_leds
  1110 ;; This function is called by:
  1111 ;;		_main
  1112 ;; This function uses a non-reentrant model
  1113 ;;
  1114                           
  1115                           
  1116                           ;psect for function _setup
  1117  00B2                     _setup:	
  1118                           
  1119                           ;LED_Wand.c: 45: TRISAbits.TRISA5 = 1;
  1120                           
  1121                           ;incstack = 0
  1122                           ; Regs used in _setup: [status,2+status,0+pclath+cstack]
  1123  00B2  0021               	movlb	1	; select bank1
  1124  00B3  168C               	bsf	12,5	;volatile
  1125                           
  1126                           ;LED_Wand.c: 47: TRISC = 0x00;
  1127  00B4  018E               	clrf	14	;volatile
  1128                           
  1129                           ;LED_Wand.c: 48: ANSELC = 0x00;
  1130  00B5  0023               	movlb	3	; select bank3
  1131  00B6  018E               	clrf	14	;volatile
  1132                           
  1133                           ;LED_Wand.c: 49: clear_leds();
  1134  00B7  3180  20CE         	fcall	_clear_leds
  1135                           
  1136                           ;LED_Wand.c: 53: INTCONbits.IOCIF = 0;
  1137  00B9  100B               	bcf	11,0	;volatile
  1138                           
  1139                           ;LED_Wand.c: 54: INTCONbits.IOCIE = 1;
  1140  00BA  158B               	bsf	11,3	;volatile
  1141                           
  1142                           ;LED_Wand.c: 55: IOCANbits.IOCAN3 = 1;
  1143  00BB  0027               	movlb	7	; select bank7
  1144  00BC  1592               	bsf	18,3	;volatile
  1145                           
  1146                           ;LED_Wand.c: 56: IOCAFbits.IOCAF3 = 0;
  1147  00BD  1193               	bcf	19,3	;volatile
  1148                           
  1149                           ;LED_Wand.c: 57: INTCONbits.PEIE = 1;
  1150  00BE  170B               	bsf	11,6	;volatile
  1151                           
  1152                           ;LED_Wand.c: 58: INTCONbits.GIE = 1;
  1153  00BF  178B               	bsf	11,7	;volatile
  1154  00C0  0008               	return
  1155  00C1                     __end_of_setup:	
  1156                           
  1157                           	psect	text4
  1158  00CE                     __ptext4:	
  1159 ;; *************** function _clear_leds *****************
  1160 ;; Defined at:
  1161 ;;		line 12 in file "led.c"
  1162 ;; Parameters:    Size  Location     Type
  1163 ;;		None
  1164 ;; Auto vars:     Size  Location     Type
  1165 ;;		None
  1166 ;; Return value:  Size  Location     Type
  1167 ;;                  1    wreg      void 
  1168 ;; Registers used:
  1169 ;;		status,2
  1170 ;; Tracked objects:
  1171 ;;		On entry : 0/0
  1172 ;;		On exit  : 0/0
  1173 ;;		Unchanged: 0/0
  1174 ;; Data sizes:     COMMON   BANK0   BANK1   BANK2   BANK3   BANK4   BANK5   BANK6   BANK7   BANK8   BANK9  BANK10  BANK1
      +1  BANK12
  1175 ;;      Params:         0       0       0       0       0       0       0       0       0       0       0       0       
      +0       0
  1176 ;;      Locals:         0       0       0       0       0       0       0       0       0       0       0       0       
      +0       0
  1177 ;;      Temps:          0       0       0       0       0       0       0       0       0       0       0       0       
      +0       0
  1178 ;;      Totals:         0       0       0       0       0       0       0       0       0       0       0       0       
      +0       0
  1179 ;;Total ram usage:        0 bytes
  1180 ;; Hardware stack levels used:    1
  1181 ;; Hardware stack levels required when called:    2
  1182 ;; This function calls:
  1183 ;;		Nothing
  1184 ;; This function is called by:
  1185 ;;		_setup
  1186 ;;		_show_led_up_to
  1187 ;; This function uses a non-reentrant model
  1188 ;;
  1189                           
  1190                           
  1191                           ;psect for function _clear_leds
  1192  00CE                     _clear_leds:	
  1193                           
  1194                           ;led.c: 14: LATC = 0x00;
  1195                           
  1196                           ;incstack = 0
  1197                           ; Regs used in _clear_leds: [status,2]
  1198  00CE  0022               	movlb	2	; select bank2
  1199  00CF  018E               	clrf	14	;volatile
  1200  00D0  0008               	return
  1201  00D1                     __end_of_clear_leds:	
  1202                           
  1203                           	psect	text5
  1204  00C1                     __ptext5:	
  1205 ;; *************** function _delay_ms *****************
  1206 ;; Defined at:
  1207 ;;		line 3 in file "common.c"
  1208 ;; Parameters:    Size  Location     Type
  1209 ;;  milliseconds    2    1[COMMON] unsigned int 
  1210 ;; Auto vars:     Size  Location     Type
  1211 ;;		None
  1212 ;; Return value:  Size  Location     Type
  1213 ;;                  1    wreg      void 
  1214 ;; Registers used:
  1215 ;;		wreg, status,2, status,0
  1216 ;; Tracked objects:
  1217 ;;		On entry : 0/0
  1218 ;;		On exit  : 0/0
  1219 ;;		Unchanged: 0/0
  1220 ;; Data sizes:     COMMON   BANK0   BANK1   BANK2   BANK3   BANK4   BANK5   BANK6   BANK7   BANK8   BANK9  BANK10  BANK1
      +1  BANK12
  1221 ;;      Params:         2       0       0       0       0       0       0       0       0       0       0       0       
      +0       0
  1222 ;;      Locals:         0       0       0       0       0       0       0       0       0       0       0       0       
      +0       0
  1223 ;;      Temps:          0       0       0       0       0       0       0       0       0       0       0       0       
      +0       0
  1224 ;;      Totals:         2       0       0       0       0       0       0       0       0       0       0       0       
      +0       0
  1225 ;;Total ram usage:        2 bytes
  1226 ;; Hardware stack levels used:    1
  1227 ;; Hardware stack levels required when called:    2
  1228 ;; This function calls:
  1229 ;;		Nothing
  1230 ;; This function is called by:
  1231 ;;		_main
  1232 ;; This function uses a non-reentrant model
  1233 ;;
  1234                           
  1235                           
  1236                           ;psect for function _delay_ms
  1237  00C1                     _delay_ms:	
  1238  00C1                     l627:	
  1239                           ;common.c: 5: while(milliseconds > 0)
  1240                           
  1241                           ;incstack = 0
  1242                           ; Regs used in _delay_ms: [wreg+status,2+status,0]
  1243                           
  1244  00C1  0871               	movf	delay_ms@milliseconds,w
  1245  00C2  0472               	iorwf	delay_ms@milliseconds+1,w
  1246  00C3  1903               	btfsc	3,2
  1247  00C4  0008               	return
  1248                           
  1249                           ;common.c: 6: {
  1250                           ;common.c: 7: _delay((unsigned long)((1)*(500000/4000.0)));
  1251  00C5  3029               	movlw	41
  1252  00C6                     u307:	
  1253  00C6  0B89               	decfsz	9,f
  1254  00C7  28C6               	goto	u307
  1255  00C8  3200               	nop2
  1256                           
  1257                           ;common.c: 8: milliseconds--;
  1258  00C9  3001               	movlw	1
  1259  00CA  02F1               	subwf	delay_ms@milliseconds,f
  1260  00CB  3000               	movlw	0
  1261  00CC  3BF2               	subwfb	delay_ms@milliseconds+1,f
  1262  00CD  28C1               	goto	l627
  1263  00CE                     __end_of_delay_ms:	
  1264                           
  1265                           	psect	intentry
  1266  0004                     __pintentry:	
  1267 ;; *************** function _ISR *****************
  1268 ;; Defined at:
  1269 ;;		line 62 in file "LED_Wand.c"
  1270 ;; Parameters:    Size  Location     Type
  1271 ;;		None
  1272 ;; Auto vars:     Size  Location     Type
  1273 ;;		None
  1274 ;; Return value:  Size  Location     Type
  1275 ;;                  1    wreg      void 
  1276 ;; Registers used:
  1277 ;;		status,2, status,0, pclath, cstack
  1278 ;; Tracked objects:
  1279 ;;		On entry : 0/0
  1280 ;;		On exit  : 0/0
  1281 ;;		Unchanged: 0/0
  1282 ;; Data sizes:     COMMON   BANK0   BANK1   BANK2   BANK3   BANK4   BANK5   BANK6   BANK7   BANK8   BANK9  BANK10  BANK1
      +1  BANK12
  1283 ;;      Params:         0       0       0       0       0       0       0       0       0       0       0       0       
      +0       0
  1284 ;;      Locals:         0       0       0       0       0       0       0       0       0       0       0       0       
      +0       0
  1285 ;;      Temps:          1       0       0       0       0       0       0       0       0       0       0       0       
      +0       0
  1286 ;;      Totals:         1       0       0       0       0       0       0       0       0       0       0       0       
      +0       0
  1287 ;;Total ram usage:        1 bytes
  1288 ;; Hardware stack levels used:    1
  1289 ;; Hardware stack levels required when called:    1
  1290 ;; This function calls:
  1291 ;;		i1_clear_leds
  1292 ;; This function is called by:
  1293 ;;		Interrupt level 1
  1294 ;; This function uses a non-reentrant model
  1295 ;;
  1296                           
  1297  0004                     _ISR:	
  1298                           
  1299                           ;incstack = 0
  1300  0004  147E               	bsf	126,0	;set compiler interrupt flag (level 1)
  1301                           
  1302                           ; Regs used in _ISR: [status,2+status,0+pclath+cstack]
  1303  0005  3180               	pagesel	$
  1304  0006  0020               	movlb	0	; select bank0
  1305  0007  087F               	movf	127,w
  1306  0008  00F0               	movwf	??_ISR
  1307                           
  1308                           ;LED_Wand.c: 64: if (IOCAFbits.IOCAF3 == 1)
  1309  0009  0027               	movlb	7	; select bank7
  1310  000A  1D93               	btfss	19,3	;volatile
  1311  000B  2814               	goto	i1l50
  1312                           
  1313                           ;LED_Wand.c: 65: {
  1314                           ;LED_Wand.c: 66: IOCAFbits.IOCAF3 = 0;
  1315  000C  1193               	bcf	19,3	;volatile
  1316                           
  1317                           ;LED_Wand.c: 67: INTCONbits.IOCIF = 0;
  1318  000D  100B               	bcf	11,0	;volatile
  1319                           
  1320                           ;LED_Wand.c: 68: clear_leds();
  1321  000E  3180  20D1  3180   	fcall	i1_clear_leds
  1322                           
  1323                           ;LED_Wand.c: 73: PCLATH = 0x00;
  1324  0011  0020               	movlb	0	; select bank0
  1325  0012  018A               	clrf	10	;volatile
  1326                           
  1327                           ;LED_Wand.c: 74: PCL = 0x00;
  1328  0013  0182               	clrf	2	;volatile
  1329  0014                     i1l50:	
  1330  0014  0870               	movf	??_ISR,w
  1331  0015  0020               	movlb	0	; select bank0
  1332  0016  00FF               	movwf	127
  1333  0017  107E               	bcf	126,0	;clear compiler interrupt flag (level 1)
  1334  0018  0009               	retfie
  1335  0019                     __end_of_ISR:	
  1336                           
  1337                           	psect	text7
  1338  00D1                     __ptext7:	
  1339 ;; *************** function i1_clear_leds *****************
  1340 ;; Defined at:
  1341 ;;		line 12 in file "led.c"
  1342 ;; Parameters:    Size  Location     Type
  1343 ;;		None
  1344 ;; Auto vars:     Size  Location     Type
  1345 ;;		None
  1346 ;; Return value:  Size  Location     Type
  1347 ;;                  1    wreg      void 
  1348 ;; Registers used:
  1349 ;;		status,2
  1350 ;; Tracked objects:
  1351 ;;		On entry : 0/0
  1352 ;;		On exit  : 0/0
  1353 ;;		Unchanged: 0/0
  1354 ;; Data sizes:     COMMON   BANK0   BANK1   BANK2   BANK3   BANK4   BANK5   BANK6   BANK7   BANK8   BANK9  BANK10  BANK1
      +1  BANK12
  1355 ;;      Params:         0       0       0       0       0       0       0       0       0       0       0       0       
      +0       0
  1356 ;;      Locals:         0       0       0       0       0       0       0       0       0       0       0       0       
      +0       0
  1357 ;;      Temps:          0       0       0       0       0       0       0       0       0       0       0       0       
      +0       0
  1358 ;;      Totals:         0       0       0       0       0       0       0       0       0       0       0       0       
      +0       0
  1359 ;;Total ram usage:        0 bytes
  1360 ;; Hardware stack levels used:    1
  1361 ;; This function calls:
  1362 ;;		Nothing
  1363 ;; This function is called by:
  1364 ;;		_ISR
  1365 ;; This function uses a non-reentrant model
  1366 ;;
  1367                           
  1368                           
  1369                           ;psect for function i1_clear_leds
  1370  00D1                     i1_clear_leds:	
  1371                           
  1372                           ;led.c: 14: LATC = 0x00;
  1373                           
  1374                           ;incstack = 0
  1375                           ; Regs used in i1_clear_leds: [status,2]
  1376  00D1  0022               	movlb	2	; select bank2
  1377  00D2  018E               	clrf	14	;volatile
  1378  00D3  0008               	return
  1379  00D4                     __end_ofi1_clear_leds:	
  1380  007E                     btemp	set	126	;btemp
  1381  007E                     int$flags	set	126
  1382  007E                     wtemp0	set	126


Data Sizes:
    Strings     0
    Constant    0
    Data        0
    BSS         0
    Persistent  0
    Stack       0

Auto Spaces:
    Space          Size  Autos    Used
    COMMON           14      5       5
    BANK0            80      0       0
    BANK1            80      0       0
    BANK2            80      0       0
    BANK3            80      0       0
    BANK4            80      0       0
    BANK5            80      0       0
    BANK6            80      0       0
    BANK7            80      0       0
    BANK8            80      0       0
    BANK9            80      0       0
    BANK10           80      0       0
    BANK11           80      0       0
    BANK12           48      0       0

Pointer List with Targets:

    None.

Critical Paths under _main in COMMON

    _main->_delay_ms

Critical Paths under _ISR in COMMON

    None.

Critical Paths under _main in BANK0

    None.

Critical Paths under _ISR in BANK0

    None.

Critical Paths under _main in BANK1

    None.

Critical Paths under _ISR in BANK1

    None.

Critical Paths under _main in BANK2

    None.

Critical Paths under _ISR in BANK2

    None.

Critical Paths under _main in BANK3

    None.

Critical Paths under _ISR in BANK3

    None.

Critical Paths under _main in BANK4

    None.

Critical Paths under _ISR in BANK4

    None.

Critical Paths under _main in BANK5

    None.

Critical Paths under _ISR in BANK5

    None.

Critical Paths under _main in BANK6

    None.

Critical Paths under _ISR in BANK6

    None.

Critical Paths under _main in BANK7

    None.

Critical Paths under _ISR in BANK7

    None.

Critical Paths under _main in BANK8

    None.

Critical Paths under _ISR in BANK8

    None.

Critical Paths under _main in BANK9

    None.

Critical Paths under _ISR in BANK9

    None.

Critical Paths under _main in BANK10

    None.

Critical Paths under _ISR in BANK10

    None.

Critical Paths under _main in BANK11

    None.

Critical Paths under _ISR in BANK11

    None.

Critical Paths under _main in BANK12

    None.

Critical Paths under _ISR in BANK12

    None.

Call Graph Tables:

 ---------------------------------------------------------------------------------
 (Depth) Function   	        Calls       Base Space   Used Autos Params    Refs
 ---------------------------------------------------------------------------------
 (0) _main                                                 2     2      0     426
                                              3 COMMON     2     2      0
                           _delay_ms
                              _setup
                       _turn_led_off
                        _turn_led_on
 ---------------------------------------------------------------------------------
 (1) _turn_led_on                                          1     1      0      90
                                              1 COMMON     1     1      0
 ---------------------------------------------------------------------------------
 (1) _turn_led_off                                         1     1      0      90
                                              1 COMMON     1     1      0
 ---------------------------------------------------------------------------------
 (1) _setup                                                0     0      0       0
                         _clear_leds
 ---------------------------------------------------------------------------------
 (2) _clear_leds                                           0     0      0       0
 ---------------------------------------------------------------------------------
 (1) _delay_ms                                             2     0      2     109
                                              1 COMMON     2     0      2
 ---------------------------------------------------------------------------------
 Estimated maximum stack depth 2
 ---------------------------------------------------------------------------------
 (Depth) Function   	        Calls       Base Space   Used Autos Params    Refs
 ---------------------------------------------------------------------------------
 (3) _ISR                                                  1     1      0       0
                                              0 COMMON     1     1      0
                       i1_clear_leds
 ---------------------------------------------------------------------------------
 (4) i1_clear_leds                                         0     0      0       0
 ---------------------------------------------------------------------------------
 Estimated maximum stack depth 4
 ---------------------------------------------------------------------------------

 Call Graph Graphs:

 _main (ROOT)
   _delay_ms
   _setup
     _clear_leds
   _turn_led_off
   _turn_led_on

 _ISR (ROOT)
   i1_clear_leds

 Address spaces:
Name               Size   Autos  Total    Cost      Usage
BIGRAM             3F0      0       0       0        0.0%
NULL                 0      0       0       0        0.0%
CODE                 0      0       0       0        0.0%
BITCOMMON            E      0       0       1        0.0%
BITSFR0              0      0       0       1        0.0%
SFR0                 0      0       0       1        0.0%
COMMON               E      5       5       2       35.7%
BITSFR1              0      0       0       2        0.0%
SFR1                 0      0       0       2        0.0%
BITSFR2              0      0       0       3        0.0%
SFR2                 0      0       0       3        0.0%
STACK                0      0       0       3        0.0%
BITBANK0            50      0       0       4        0.0%
BITSFR3              0      0       0       4        0.0%
SFR3                 0      0       0       4        0.0%
BANK0               50      0       0       5        0.0%
BITSFR4              0      0       0       5        0.0%
SFR4                 0      0       0       5        0.0%
BITBANK1            50      0       0       6        0.0%
BITSFR5              0      0       0       6        0.0%
SFR5                 0      0       0       6        0.0%
BANK1               50      0       0       7        0.0%
BITSFR6              0      0       0       7        0.0%
SFR6                 0      0       0       7        0.0%
BITBANK2            50      0       0       8        0.0%
BITSFR7              0      0       0       8        0.0%
SFR7                 0      0       0       8        0.0%
BANK2               50      0       0       9        0.0%
BITSFR8              0      0       0       9        0.0%
SFR8                 0      0       0       9        0.0%
BITBANK3            50      0       0      10        0.0%
BITSFR9              0      0       0      10        0.0%
SFR9                 0      0       0      10        0.0%
BANK3               50      0       0      11        0.0%
BITSFR10             0      0       0      11        0.0%
SFR10                0      0       0      11        0.0%
BITBANK4            50      0       0      12        0.0%
BITSFR11             0      0       0      12        0.0%
SFR11                0      0       0      12        0.0%
BANK4               50      0       0      13        0.0%
BITSFR12             0      0       0      13        0.0%
SFR12                0      0       0      13        0.0%
BITBANK5            50      0       0      14        0.0%
BITSFR13             0      0       0      14        0.0%
SFR13                0      0       0      14        0.0%
BANK5               50      0       0      15        0.0%
BITSFR14             0      0       0      15        0.0%
SFR14                0      0       0      15        0.0%
BITBANK6            50      0       0      16        0.0%
BITSFR15             0      0       0      16        0.0%
SFR15                0      0       0      16        0.0%
BANK6               50      0       0      17        0.0%
BITSFR16             0      0       0      17        0.0%
SFR16                0      0       0      17        0.0%
BITBANK7            50      0       0      18        0.0%
BITSFR17             0      0       0      18        0.0%
SFR17                0      0       0      18        0.0%
BANK7               50      0       0      19        0.0%
BITSFR18             0      0       0      19        0.0%
SFR18                0      0       0      19        0.0%
BITSFR19             0      0       0      20        0.0%
SFR19                0      0       0      20        0.0%
ABS                  0      0       0      20        0.0%
BITBANK8            50      0       0      21        0.0%
BITSFR20             0      0       0      21        0.0%
SFR20                0      0       0      21        0.0%
BANK8               50      0       0      22        0.0%
BITSFR21             0      0       0      22        0.0%
SFR21                0      0       0      22        0.0%
BITBANK9            50      0       0      23        0.0%
BITSFR22             0      0       0      23        0.0%
SFR22                0      0       0      23        0.0%
BANK9               50      0       0      24        0.0%
BITSFR23             0      0       0      24        0.0%
SFR23                0      0       0      24        0.0%
BITBANK10           50      0       0      25        0.0%
BITSFR24             0      0       0      25        0.0%
SFR24                0      0       0      25        0.0%
BANK10              50      0       0      26        0.0%
BITSFR25             0      0       0      26        0.0%
SFR25                0      0       0      26        0.0%
BITBANK11           50      0       0      27        0.0%
BITSFR26             0      0       0      27        0.0%
SFR26                0      0       0      27        0.0%
BANK11              50      0       0      28        0.0%
BITSFR27             0      0       0      28        0.0%
SFR27                0      0       0      28        0.0%
BITBANK12           30      0       0      29        0.0%
BITSFR28             0      0       0      29        0.0%
SFR28                0      0       0      29        0.0%
BANK12              30      0       0      30        0.0%
BITSFR29             0      0       0      30        0.0%
SFR29                0      0       0      30        0.0%
BITSFR30             0      0       0      31        0.0%
SFR30                0      0       0      31        0.0%
DATA                 0      0       0      31        0.0%
BITSFR31             0      0       0      32        0.0%
SFR31                0      0       0      32        0.0%


Microchip Technology PIC Macro Assembler V1.41 build -162212810 
Symbol Table                                                                                   Sat Mar 11 16:53:58 2017

            __CFG_CP$OFF 0000                       l35 0040                      l521 0073  
                    l513 0065                      l541 0096                      l525 007A  
                    l517 006C                      l553 00AB                      l545 009D  
                    l537 008F                      l529 0081                      l641 0030  
                    l627 00C1                      l635 002A                      l549 00A4  
                    l661 0053                      l663 005A                      _PCL 0002  
                    u307 00C6                      _ISR 0004                      u287 0035  
                    u297 004B             __CFG_BORV$LO 0000                      wreg 0009  
           __CFG_IESO$ON 0000             __CFG_LVP$OFF 0000                     ?_ISR 0070  
                   _LATC 010E                     i1l50 0014             __CFG_WRT$OFF 0000  
  __size_ofi1_clear_leds 0003                     _main 001F                     btemp 007E  
          __CFG_BOREN$ON 0000                     start 0019                    ??_ISR 0070  
         turn_led_on@led 0071                    ?_main 0070            __CFG_WDTE$OFF 0000  
                  _TRISC 008E              _turn_led_on 005E           __CFG_FCMEN$OFF 0000  
           i1_clear_leds 00D1                    _setup 00B2                    main@i 0074  
                  status 0003                    wtemp0 007E           __CFG_MCLRE$OFF 0000  
        __initialization 001B             __end_of_main 005E    __size_of_turn_led_off 002A  
         __CFG_LPBOR$OFF 0000                   ??_main 0073          turn_led_off@led 0071  
    __CFG_USBLSCLK$48MHz 0000                   ?_setup 0070                   _ANSELC 018E  
                 _PCLATH 000A             _turn_led_off 0088         __end_of_delay_ms 00CE  
         __CFG_PWRTE$OFF 0000     delay_ms@milliseconds 0071           __CFG_STVREN$ON 0000  
__end_of__initialization 001B           __pcstackCOMMON 0070            __end_of_setup 00C1  
                ??_setup 0071               _clear_leds 00CE               __pmaintext 001F  
        __CFG_PLLMULT$4x 0000               __pintentry 0004             ?_turn_led_on 0070  
              ?_delay_ms 0071                  __ptext1 005E                  __ptext2 0088  
                __ptext3 00B2                  __ptext4 00CE                  __ptext5 00C1  
                __ptext7 00D1             __size_of_ISR 0015                _IOCAFbits 0393  
             ??_delay_ms 0073                _IOCANbits 0392     end_of_initialization 001B  
            ?_clear_leds 0070                _PORTAbits 000C         __CFG_FOSC$INTOSC 0000  
              _TRISAbits 008C       __CFG_PLLEN$ENABLED 0000      start_initialization 001B  
            __end_of_ISR 0019      __size_of_clear_leds 0003     __size_of_turn_led_on 002A  
              ___latbits 0002            ?i1_clear_leds 0070        __size_of_delay_ms 000D  
         ??i1_clear_leds 0070           __size_of_setup 000F                 _LATCbits 010E  
          ?_turn_led_off 0070             ??_clear_leds 0071       __end_of_clear_leds 00D1  
         ??_turn_led_off 0071                 _delay_ms 00C1            __size_of_main 003F  
   __end_ofi1_clear_leds 00D4                 int$flags 007E            ??_turn_led_on 0071  
             _INTCONbits 000B                 intlevel1 0000        __CFG_CLKOUTEN$OFF 0000  
   __CFG_CPUDIV$NOCLKDIV 0000     __end_of_turn_led_off 00B2      __end_of_turn_led_on 0088  
